Using pre-set license
Pro License: NO

 COMMAND LINE ARGUMENTS:
/Applications/2021.1.15f1c1/Unity.app/Contents/MacOS/Unity
-adb2
-batchMode
-noUpm
-name
AssetImportWorker1
-projectPath
/Users/apple/Downloads/ResDarkGod/DarkGod/Client
-logFile
Logs/AssetImportWorker1.log
-srvPort
64981
Successfully changed project path to: /Users/apple/Downloads/ResDarkGod/DarkGod/Client
/Users/apple/Downloads/ResDarkGod/DarkGod/Client
Using Asset Import Pipeline V2.
Refreshing native plugins compatible for Editor in 110.29 ms, found 3 plugins.
Preloading 0 native plugins for Editor in 0.00 ms.
Initialize engine version: 2021.1.15f1c1 (53017094f33d)
[Subsystems] Discovering subsystems at path /Applications/2021.1.15f1c1/Unity.app/Contents/Resources/UnitySubsystems
[Subsystems] Discovering subsystems at path /Users/apple/Downloads/ResDarkGod/DarkGod/Client/Assets
GfxDevice: creating device client; threaded=0; jobified=0
2022-09-20 19:39:39.566 Unity[20076:1830030] Color LCD preferred device: Intel(R) Iris(TM) Plus Graphics 640 (low power)
2022-09-20 19:39:39.566 Unity[20076:1830030] Metal devices available: 1
2022-09-20 19:39:39.567 Unity[20076:1830030] 0: Intel(R) Iris(TM) Plus Graphics 640 (low power)
2022-09-20 19:39:39.567 Unity[20076:1830030] Using device Intel(R) Iris(TM) Plus Graphics 640 (low power)
Initializing Metal device caps: Intel(R) Iris(TM) Plus Graphics 640
Initialize mono
Mono path[0] = '/Applications/2021.1.15f1c1/Unity.app/Contents/Managed'
Mono path[1] = '/Applications/2021.1.15f1c1/Unity.app/Contents/MonoBleedingEdge/lib/mono/unityjit'
Mono config path = '/Applications/2021.1.15f1c1/Unity.app/Contents/MonoBleedingEdge/etc'
Using monoOptions --debugger-agent=transport=dt_socket,embedding=1,server=y,suspend=n,address=127.0.0.1:56076
Begin MonoManager ReloadAssembly
Registering precompiled unity dll's ...
Register platform support module: /Applications/2021.1.15f1c1/Unity.app/Contents/PlaybackEngines/MacStandaloneSupport/UnityEditor.OSXStandalone.Extensions.dll
Registered in 0.002882 seconds.
Native extension for OSXStandalone target not found
Refreshing native plugins compatible for Editor in 56.15 ms, found 3 plugins.
Preloading 0 native plugins for Editor in 0.00 ms.
Mono: successfully reloaded assembly
- Completed reload, in  3.235 seconds
Domain Reload Profiling:
	ReloadAssembly (3235ms)
		BeginReloadAssembly (61ms)
			ExecutionOrderSort (0ms)
			DisableScriptedObjects (0ms)
			BackupInstance (0ms)
			ReleaseScriptingObjects (0ms)
			CreateAndSetChildDomain (1ms)
		EndReloadAssembly (699ms)
			LoadAssemblies (62ms)
			RebuildTransferFunctionScriptingTraits (0ms)
			SetupTypeCache (285ms)
			ReleaseScriptCaches (0ms)
			RebuildScriptCaches (53ms)
			SetupLoadedEditorAssemblies (299ms)
				LogAssemblyErrors (0ms)
				InitializePlatformSupportModulesInManaged (7ms)
				SetLoadedEditorAssemblies (0ms)
				RefreshPlugins (56ms)
				BeforeProcessingInitializeOnLoad (2ms)
				ProcessInitializeOnLoadAttributes (176ms)
				ProcessInitializeOnLoadMethodAttributes (57ms)
				AfterProcessingInitializeOnLoad (0ms)
				EditorAssembliesLoaded (0ms)
			ExecutionOrderSort2 (0ms)
			AwakeInstancesAfterBackupRestoration (0ms)
Platform modules already initialized, skipping
Registering precompiled user dll's ...
Registered in 0.015789 seconds.
Begin MonoManager ReloadAssembly
Native extension for OSXStandalone target not found
Refreshing native plugins compatible for Editor in 1.40 ms, found 3 plugins.
Preloading 0 native plugins for Editor in 0.00 ms.
Mono: successfully reloaded assembly
- Completed reload, in  1.809 seconds
Domain Reload Profiling:
	ReloadAssembly (1811ms)
		BeginReloadAssembly (230ms)
			ExecutionOrderSort (0ms)
			DisableScriptedObjects (6ms)
			BackupInstance (0ms)
			ReleaseScriptingObjects (0ms)
			CreateAndSetChildDomain (47ms)
		EndReloadAssembly (1477ms)
			LoadAssemblies (164ms)
			RebuildTransferFunctionScriptingTraits (0ms)
			SetupTypeCache (528ms)
			ReleaseScriptCaches (1ms)
			RebuildScriptCaches (76ms)
			SetupLoadedEditorAssemblies (536ms)
				LogAssemblyErrors (0ms)
				InitializePlatformSupportModulesInManaged (6ms)
				SetLoadedEditorAssemblies (1ms)
				RefreshPlugins (1ms)
				BeforeProcessingInitializeOnLoad (71ms)
				ProcessInitializeOnLoadAttributes (371ms)
				ProcessInitializeOnLoadMethodAttributes (84ms)
				AfterProcessingInitializeOnLoad (2ms)
				EditorAssembliesLoaded (0ms)
			ExecutionOrderSort2 (0ms)
			AwakeInstancesAfterBackupRestoration (9ms)
Platform modules already initialized, skipping
========================================================================
Worker process is ready to serve import requests
Launching external process: /Applications/2021.1.15f1c1/Unity.app/Contents/Tools/UnityShaderCompiler
Launched and connected shader compiler UnityShaderCompiler after 0.06 seconds
Refreshing native plugins compatible for Editor in 1.07 ms, found 3 plugins.
Preloading 0 native plugins for Editor in 0.00 ms.
Unloading 2113 Unused Serialized files (Serialized files now loaded: 0)
System memory in use before: 171.3 MB.
System memory in use after: 171.4 MB.

Unloading 79 unused Assets to reduce memory usage. Loaded Objects now: 2520.
Total: 5.994503 ms (FindLiveObjects: 0.227248 ms CreateObjectMapping: 0.088375 ms MarkObjects: 5.597931 ms  DeleteObjects: 0.079341 ms)

AssetImportParameters requested are different than current active one (requested -> active):
  custom:video-decoder-ogg-theora: a1e56fd34408186e4bbccfd4996cb3dc -> 
  custom:container-muxer-webm: aa71ff27fc2769a1b78a27578f13a17b -> 
  custom:container-demuxer-webm: 4f35f7cbe854078d1ac9338744f61a02 -> 
  custom:container-demuxer-ogg: 62fdf1f143b41e24485cea50d1cbac27 -> 
  custom:video-encoder-webm-vp8: eb34c28f22e8b96e1ab97ce403110664 -> 
  custom:framework-osx-AVFoundation: e770b220cccbd017edd2c1fefb359320 -> 
  custom:video-decoder-webm-vp8: 9c59270c3fd7afecdb556c50c9e8de78 -> 
  custom:audio-decoder-ogg-vorbis: bf7c407c2cedff20999df2af8eb42d56 -> 
  custom:audio-encoder-webm-vorbis: bf7c407c2cedff20999df2af8eb42d56 -> 
========================================================================
Received Prepare
Refreshing native plugins compatible for Editor in 35.71 ms, found 3 plugins.
Preloading 0 native plugins for Editor in 0.00 ms.
Unloading 68 Unused Serialized files (Serialized files now loaded: 0)
System memory in use before: 130.0 MB.
System memory in use after: 130.2 MB.

Unloading 68 unused Assets to reduce memory usage. Loaded Objects now: 2520.
Total: 6.737347 ms (FindLiveObjects: 0.159621 ms CreateObjectMapping: 0.071590 ms MarkObjects: 6.442166 ms  DeleteObjects: 0.062773 ms)

AssetImportParameters requested are different than current active one (requested -> active):
  custom:video-decoder-ogg-theora: a1e56fd34408186e4bbccfd4996cb3dc -> 
  custom:container-muxer-webm: aa71ff27fc2769a1b78a27578f13a17b -> 
  custom:container-demuxer-webm: 4f35f7cbe854078d1ac9338744f61a02 -> 
  custom:container-demuxer-ogg: 62fdf1f143b41e24485cea50d1cbac27 -> 
  custom:video-encoder-webm-vp8: eb34c28f22e8b96e1ab97ce403110664 -> 
  custom:framework-osx-AVFoundation: e770b220cccbd017edd2c1fefb359320 -> 
  custom:video-decoder-webm-vp8: 9c59270c3fd7afecdb556c50c9e8de78 -> 
  custom:audio-decoder-ogg-vorbis: bf7c407c2cedff20999df2af8eb42d56 -> 
  custom:audio-encoder-webm-vorbis: bf7c407c2cedff20999df2af8eb42d56 -> 
========================================================================
Received Import Request.
  path: Assets/Resources/ResScenes/SceneLogin.unity
  artifactKey: Guid(1cb2f5722976a9e4faa84a1f9e01de9b) Importer(815301076,1909f56bfc062723c751e8b465ee728b)
Start importing Assets/Resources/ResScenes/SceneLogin.unity using Guid(1cb2f5722976a9e4faa84a1f9e01de9b) Importer(815301076,1909f56bfc062723c751e8b465ee728b)  -> (artifact id: '7b3a18b751151975685c649da09ff851') in 0.019767 seconds 
========================================================================
Received Import Request.
  Time since last request: 1.424108 seconds.
  path: Assets/Resources/ResScenes/Test.unity
  artifactKey: Guid(516d0c3c999e67549bcda3423691fbea) Importer(815301076,1909f56bfc062723c751e8b465ee728b)
Start importing Assets/Resources/ResScenes/Test.unity using Guid(516d0c3c999e67549bcda3423691fbea) Importer(815301076,1909f56bfc062723c751e8b465ee728b)  -> (artifact id: '87d41147f89b9119ffcdc2dea59b16cc') in 0.004500 seconds 
========================================================================
Received Import Request.
  Time since last request: 3.486579 seconds.
  path: Assets/Resources/ResScenes/SceneMainCity.unity
  artifactKey: Guid(daa32a8523ae85649af76b4b75010941) Importer(815301076,1909f56bfc062723c751e8b465ee728b)
Start importing Assets/Resources/ResScenes/SceneMainCity.unity using Guid(daa32a8523ae85649af76b4b75010941) Importer(815301076,1909f56bfc062723c751e8b465ee728b)  -> (artifact id: '28be6f40200a7370f9f6f98dda2f4e02') in 0.004330 seconds 
========================================================================
Received Import Request.
  Time since last request: 62.634862 seconds.
  path: Assets/Resources/ResScenes/GameRoot.unity
  artifactKey: Guid(97f7952e6822db04b8a87adcc3123302) Importer(815301076,1909f56bfc062723c751e8b465ee728b)
Start importing Assets/Resources/ResScenes/GameRoot.unity using Guid(97f7952e6822db04b8a87adcc3123302) Importer(815301076,1909f56bfc062723c751e8b465ee728b)  -> (artifact id: 'eaad6c233f76965e5a033542a959fd80') in 0.008368 seconds 
